Mar 22 13:53:59 Kernel: Initilizing Kernel...
Mar 22 13:53:59 Kernel: Set Alias: ls
Mar 22 13:53:59 Kernel: Set Alias: cd
Mar 22 13:53:59 Kernel: Set Alias: cat
Mar 22 13:53:59 Kernel: Set Alias: grep
Mar 22 13:53:59 Kernel: Set Alias: log
Mar 22 13:53:59 Kernel: Set Alias: version
Mar 22 14:00:27 Kernel: Initilizing Kernel...
Mar 22 14:00:27 Kernel: Set Alias: ls
Mar 22 14:00:27 Kernel: Set Alias: cd
Mar 22 14:00:27 Kernel: Set Alias: cat
Mar 22 14:00:27 Kernel: Set Alias: grep
Mar 22 14:00:27 Kernel: Set Alias: log
Mar 22 14:00:27 Kernel: Set Alias: version
Mar 22 14:01:17 Kernel: Initilizing Kernel...
Mar 22 14:01:17 Kernel: Set Alias: ls
Mar 22 14:01:17 Kernel: Set Alias: cd
Mar 22 14:01:17 Kernel: Set Alias: cat
Mar 22 14:01:17 Kernel: Set Alias: grep
Mar 22 14:01:17 Kernel: Set Alias: log
Mar 22 14:01:17 Kernel: Set Alias: version
Mar 22 14:02:09 Kernel: Initilizing Kernel...
Mar 22 14:02:09 Kernel: Set Alias: ls
Mar 22 14:02:09 Kernel: Set Alias: cd
Mar 22 14:02:09 Kernel: Set Alias: cat
Mar 22 14:02:09 Kernel: Set Alias: grep
Mar 22 14:02:09 Kernel: Set Alias: log
Mar 22 14:02:09 Kernel: Set Alias: version
Mar 22 14:06:20 Kernel: Initilizing Kernel...
Mar 22 14:06:20 Kernel: Set Alias: ls
Mar 22 14:06:20 Kernel: Set Alias: cd
Mar 22 14:06:20 Kernel: Set Alias: cat
Mar 22 14:06:20 Kernel: Set Alias: grep
Mar 22 14:06:20 Kernel: Set Alias: log
Mar 22 14:06:20 Kernel: Set Alias: version
Mar 22 14:06:39 Kernel: Initilizing Kernel...
Mar 22 14:06:39 Kernel: Set Alias: ls
Mar 22 14:06:39 Kernel: Set Alias: cd
Mar 22 14:06:39 Kernel: Set Alias: cat
Mar 22 14:06:39 Kernel: Set Alias: grep
Mar 22 14:06:39 Kernel: Set Alias: log
Mar 22 14:06:39 Kernel: Set Alias: version
Mar 22 14:09:40 Kernel: Initilizing Kernel...
Mar 22 14:09:40 Kernel: Set Alias: ls
Mar 22 14:09:40 Kernel: Set Alias: cd
Mar 22 14:09:40 Kernel: Set Alias: cat
Mar 22 14:09:40 Kernel: Set Alias: grep
Mar 22 14:09:40 Kernel: Set Alias: log
Mar 22 14:09:40 Kernel: Set Alias: version
Mar 22 14:09:56 Kernel: Initilizing Kernel...
Mar 22 14:09:56 Kernel: Set Alias: ls
Mar 22 14:09:56 Kernel: Set Alias: cd
Mar 22 14:09:56 Kernel: Set Alias: cat
Mar 22 14:09:56 Kernel: Set Alias: grep
Mar 22 14:09:56 Kernel: Set Alias: log
Mar 22 14:09:56 Kernel: Set Alias: version
Mar 22 14:11:03 Kernel: Initilizing Kernel...
Mar 22 14:11:03 Kernel: Set Alias: ls
Mar 22 14:11:03 Kernel: Set Alias: cd
Mar 22 14:11:03 Kernel: Set Alias: cat
Mar 22 14:11:03 Kernel: Set Alias: grep
Mar 22 14:11:03 Kernel: Set Alias: log
Mar 22 14:11:03 Kernel: Set Alias: version
Mar 22 14:13:44 Kernel: Initilizing Kernel...
Mar 22 14:13:44 Kernel: Set Alias: ls
Mar 22 14:13:44 Kernel: Set Alias: cd
Mar 22 14:13:44 Kernel: Set Alias: cat
Mar 22 14:13:44 Kernel: Set Alias: grep
Mar 22 14:13:44 Kernel: Set Alias: log
Mar 22 14:13:44 Kernel: Set Alias: version
Mar 22 14:15:37 Kernel: Initilizing Kernel...
Mar 22 14:15:37 Kernel: Set Alias: ls
Mar 22 14:15:37 Kernel: Set Alias: cd
Mar 22 14:15:37 Kernel: Set Alias: cat
Mar 22 14:15:37 Kernel: Set Alias: grep
Mar 22 14:15:37 Kernel: Set Alias: log
Mar 22 14:15:37 Kernel: Set Alias: version
Mar 22 16:00:04 Kernel: Initilizing Kernel...
Mar 22 16:00:04 Kernel: Set Alias: ls
Mar 22 16:00:04 Kernel: Set Alias: cd
Mar 22 16:00:04 Kernel: Set Alias: cat
Mar 22 16:00:04 Kernel: Set Alias: grep
Mar 22 16:00:04 Kernel: Set Alias: log
Mar 22 16:00:04 Kernel: Set Alias: version
Mar 22 16:00:43 Kernel: Initilizing Kernel...
Mar 22 16:00:43 Kernel: Set Alias: ls
Mar 22 16:00:43 Kernel: Set Alias: cd
Mar 22 16:00:43 Kernel: Set Alias: cat
Mar 22 16:00:43 Kernel: Set Alias: grep
Mar 22 16:00:43 Kernel: Set Alias: log
Mar 22 16:00:43 Kernel: Set Alias: version
Mar 22 16:02:03 Kernel: Initilizing Kernel...
Mar 22 16:02:03 Kernel: Set Alias: ls
Mar 22 16:02:03 Kernel: Set Alias: cd
Mar 22 16:02:03 Kernel: Set Alias: cat
Mar 22 16:02:03 Kernel: Set Alias: grep
Mar 22 16:02:03 Kernel: Set Alias: log
Mar 22 16:02:03 Kernel: Set Alias: version
Mar 22 16:03:14 Kernel: Initilizing Kernel...
Mar 22 16:03:14 Kernel: Set Alias: ls
Mar 22 16:03:14 Kernel: Set Alias: cd
Mar 22 16:03:14 Kernel: Set Alias: cat
Mar 22 16:03:14 Kernel: Set Alias: grep
Mar 22 16:03:14 Kernel: Set Alias: log
Mar 22 16:03:14 Kernel: Set Alias: version
Mar 22 16:03:27 Kernel: Initilizing Kernel...
Mar 22 16:03:27 Kernel: Set Alias: ls
Mar 22 16:03:27 Kernel: Set Alias: cd
Mar 22 16:03:27 Kernel: Set Alias: cat
Mar 22 16:03:27 Kernel: Set Alias: grep
Mar 22 16:03:27 Kernel: Set Alias: log
Mar 22 16:03:27 Kernel: Set Alias: version
Mar 22 16:05:25 Kernel: Initilizing Kernel...
Mar 22 16:05:25 Kernel: Set Alias: ls
Mar 22 16:05:25 Kernel: Set Alias: cd
Mar 22 16:05:25 Kernel: Set Alias: cat
Mar 22 16:05:25 Kernel: Set Alias: grep
Mar 22 16:05:25 Kernel: Set Alias: log
Mar 22 16:05:25 Kernel: Set Alias: version
Mar 22 16:06:04 Kernel: Initilizing Kernel...
Mar 22 16:06:04 Kernel: Set Alias: ls
Mar 22 16:06:04 Kernel: Set Alias: cd
Mar 22 16:06:04 Kernel: Set Alias: cat
Mar 22 16:06:04 Kernel: Set Alias: grep
Mar 22 16:06:04 Kernel: Set Alias: log
Mar 22 16:06:04 Kernel: Set Alias: version
Mar 22 16:08:34 Kernel: Initilizing Kernel...
Mar 22 16:08:34 Kernel: Set Alias: ls
Mar 22 16:08:34 Kernel: Set Alias: cd
Mar 22 16:08:34 Kernel: Set Alias: cat
Mar 22 16:08:34 Kernel: Set Alias: grep
Mar 22 16:08:34 Kernel: Set Alias: log
Mar 22 16:08:34 Kernel: Set Alias: version
Mar 22 16:10:19 Kernel: Initilizing Kernel...
Mar 22 16:10:19 Kernel: Set Alias: ls
Mar 22 16:10:19 Kernel: Set Alias: cd
Mar 22 16:10:19 Kernel: Set Alias: cat
Mar 22 16:10:19 Kernel: Set Alias: grep
Mar 22 16:10:19 Kernel: Set Alias: log
Mar 22 16:10:19 Kernel: Set Alias: version
Mar 22 16:10:45 Kernel: Initilizing Kernel...
Mar 22 16:10:45 Kernel: Set Alias: ls
Mar 22 16:10:45 Kernel: Set Alias: cd
Mar 22 16:10:45 Kernel: Set Alias: cat
Mar 22 16:10:45 Kernel: Set Alias: grep
Mar 22 16:10:45 Kernel: Set Alias: log
Mar 22 16:10:45 Kernel: Set Alias: version
Mar 22 16:12:43 Kernel: Initilizing Kernel...
Mar 22 16:12:43 Kernel: Set Alias: ls
Mar 22 16:12:43 Kernel: Set Alias: cd
Mar 22 16:12:43 Kernel: Set Alias: cat
Mar 22 16:12:43 Kernel: Set Alias: grep
Mar 22 16:12:43 Kernel: Set Alias: log
Mar 22 16:12:43 Kernel: Set Alias: version
Mar 22 16:13:00 Kernel: Initilizing Kernel...
Mar 22 16:13:00 Kernel: Set Alias: ls
Mar 22 16:13:00 Kernel: Set Alias: cd
Mar 22 16:13:00 Kernel: Set Alias: cat
Mar 22 16:13:00 Kernel: Set Alias: grep
Mar 22 16:13:00 Kernel: Set Alias: log
Mar 22 16:13:00 Kernel: Set Alias: version
Mar 22 16:14:18 Kernel: Initilizing Kernel...
Mar 22 16:14:18 Kernel: Set Alias: ls
Mar 22 16:14:18 Kernel: Set Alias: cd
Mar 22 16:14:18 Kernel: Set Alias: cat
Mar 22 16:14:18 Kernel: Set Alias: grep
Mar 22 16:14:18 Kernel: Set Alias: log
Mar 22 16:14:18 Kernel: Set Alias: version
Mar 22 16:14:52 Kernel: Initilizing Kernel...
Mar 22 16:14:52 Kernel: Set Alias: ls
Mar 22 16:14:52 Kernel: Set Alias: cd
Mar 22 16:14:52 Kernel: Set Alias: cat
Mar 22 16:14:52 Kernel: Set Alias: grep
Mar 22 16:14:52 Kernel: Set Alias: log
Mar 22 16:14:52 Kernel: Set Alias: version
Mar 22 16:15:50 Kernel: Initilizing Kernel...
Mar 22 16:15:50 Kernel: Set Alias: ls
Mar 22 16:15:50 Kernel: Set Alias: cd
Mar 22 16:15:50 Kernel: Set Alias: cat
Mar 22 16:15:50 Kernel: Set Alias: grep
Mar 22 16:15:50 Kernel: Set Alias: log
Mar 22 16:15:50 Kernel: Set Alias: version
Mar 22 16:17:42 Kernel: Initilizing Kernel...
Mar 22 16:17:42 Kernel: Set Alias: ls
Mar 22 16:17:42 Kernel: Set Alias: cd
Mar 22 16:17:42 Kernel: Set Alias: cat
Mar 22 16:17:42 Kernel: Set Alias: grep
Mar 22 16:17:42 Kernel: Set Alias: log
Mar 22 16:17:42 Kernel: Set Alias: version
Mar 22 16:18:56 Kernel: Initilizing Kernel...
Mar 22 16:18:56 Kernel: Set Alias: ls
Mar 22 16:18:56 Kernel: Set Alias: cd
Mar 22 16:18:56 Kernel: Set Alias: cat
Mar 22 16:18:56 Kernel: Set Alias: grep
Mar 22 16:18:56 Kernel: Set Alias: log
Mar 22 16:18:56 Kernel: Set Alias: version
Mar 22 16:19:09 Kernel: Initilizing Kernel...
Mar 22 16:19:09 Kernel: Set Alias: ls
Mar 22 16:19:09 Kernel: Set Alias: cd
Mar 22 16:19:09 Kernel: Set Alias: cat
Mar 22 16:19:09 Kernel: Set Alias: grep
Mar 22 16:19:09 Kernel: Set Alias: log
Mar 22 16:19:09 Kernel: Set Alias: version
Mar 22 16:26:15 Kernel: Initilizing Kernel...
Mar 22 16:26:15 Kernel: Set Alias: ls
Mar 22 16:26:15 Kernel: Set Alias: cd
Mar 22 16:26:15 Kernel: Set Alias: cat
Mar 22 16:26:15 Kernel: Set Alias: grep
Mar 22 16:26:15 Kernel: Set Alias: log
Mar 22 16:26:15 Kernel: Set Alias: version
Mar 22 16:28:17 Kernel: Initilizing Kernel...
Mar 22 16:28:17 Kernel: Set Alias: ls
Mar 22 16:28:17 Kernel: Set Alias: cd
Mar 22 16:28:17 Kernel: Set Alias: cat
Mar 22 16:28:17 Kernel: Set Alias: grep
Mar 22 16:28:17 Kernel: Set Alias: log
Mar 22 16:28:17 Kernel: Set Alias: version
Mar 22 16:29:08 Kernel: Initilizing Kernel...
Mar 22 16:29:08 Kernel: Set Alias: ls
Mar 22 16:29:08 Kernel: Set Alias: cd
Mar 22 16:29:08 Kernel: Set Alias: cat
Mar 22 16:29:08 Kernel: Set Alias: grep
Mar 22 16:29:08 Kernel: Set Alias: log
Mar 22 16:29:08 Kernel: Set Alias: version
Mar 22 16:29:28 Kernel: Initilizing Kernel...
Mar 22 16:29:28 Kernel: Set Alias: ls
Mar 22 16:29:28 Kernel: Set Alias: cd
Mar 22 16:29:28 Kernel: Set Alias: cat
Mar 22 16:29:28 Kernel: Set Alias: grep
Mar 22 16:29:28 Kernel: Set Alias: log
Mar 22 16:29:28 Kernel: Set Alias: version
Mar 22 18:56:17 Kernel: Initilizing Kernel...
Mar 22 18:56:17 Kernel: Set Alias: ls
Mar 22 18:56:17 Kernel: Set Alias: cd
Mar 22 18:56:17 Kernel: Set Alias: cat
Mar 22 18:56:17 Kernel: Set Alias: grep
Mar 22 18:56:17 Kernel: Set Alias: log
Mar 22 18:56:17 Kernel: Set Alias: version
Mar 22 19:13:21 Kernel: Initilizing Kernel...
Mar 22 19:13:21 Kernel: Set Alias: ls
Mar 22 19:13:21 Kernel: Set Alias: cd
Mar 22 19:13:21 Kernel: Set Alias: cat
Mar 22 19:13:21 Kernel: Set Alias: grep
Mar 22 19:13:21 Kernel: Set Alias: log
Mar 22 19:13:21 Kernel: Set Alias: version
Mar 22 19:13:52 Kernel: Initilizing Kernel...
Mar 22 19:13:52 Kernel: Set Alias: ls
Mar 22 19:13:52 Kernel: Set Alias: cd
Mar 22 19:13:52 Kernel: Set Alias: cat
Mar 22 19:13:52 Kernel: Set Alias: grep
Mar 22 19:13:52 Kernel: Set Alias: log
Mar 22 19:13:52 Kernel: Set Alias: version
Mar 22 19:16:14 proc.rootInfo: ERROR proc.rootInfo.EXPECTION_NOT_BOOL
Mar 22 19:22:51 Kernel: Initilizing Kernel...
Mar 22 19:22:51 Kernel: Set Alias: ls
Mar 22 19:22:51 Kernel: Set Alias: cd
Mar 22 19:22:51 Kernel: Set Alias: cat
Mar 22 19:22:51 Kernel: Set Alias: grep
Mar 22 19:22:51 Kernel: Set Alias: log
Mar 22 19:22:51 Kernel: Set Alias: version
Mar 22 19:22:51 Kernel: Set Alias: switchshell
Mar 22 19:32:36 Kernel: Initilizing Kernel...
Mar 22 19:32:36 Kernel: Set Alias: ls
Mar 22 19:32:36 Kernel: Set Alias: cd
Mar 22 19:32:36 Kernel: Set Alias: cat
Mar 22 19:32:36 Kernel: Set Alias: grep
Mar 22 19:32:36 Kernel: Set Alias: log
Mar 22 19:32:36 Kernel: Set Alias: version
Mar 22 19:32:36 Kernel: Set Alias: switchshell
Mar 22 19:33:40 Kernel: Initilizing Kernel...
Mar 22 19:33:40 Kernel: Set Alias: ls
Mar 22 19:33:40 Kernel: Set Alias: cd
Mar 22 19:33:40 Kernel: Set Alias: cat
Mar 22 19:33:40 Kernel: Set Alias: grep
Mar 22 19:33:40 Kernel: Set Alias: log
Mar 22 19:33:40 Kernel: Set Alias: version
Mar 22 19:33:40 Kernel: Set Alias: switchshell
Mar 22 19:38:16 Kernel: Initilizing Kernel...
Mar 22 19:38:16 Kernel: Set Alias: ls
Mar 22 19:38:16 Kernel: Set Alias: cd
Mar 22 19:38:16 Kernel: Set Alias: cat
Mar 22 19:38:16 Kernel: Set Alias: grep
Mar 22 19:38:16 Kernel: Set Alias: log
Mar 22 19:38:16 Kernel: Set Alias: version
Mar 22 19:38:16 Kernel: Set Alias: switchshell
Mar 22 19:38:16 Kernel: Set Alias: su
Mar 22 19:39:15 Kernel: Initilizing Kernel...
Mar 22 19:39:15 Kernel: Set Alias: ls
Mar 22 19:39:15 Kernel: Set Alias: cd
Mar 22 19:39:15 Kernel: Set Alias: cat
Mar 22 19:39:15 Kernel: Set Alias: grep
Mar 22 19:39:15 Kernel: Set Alias: log
Mar 22 19:39:15 Kernel: Set Alias: version
Mar 22 19:39:15 Kernel: Set Alias: switchshell
Mar 22 19:39:15 Kernel: Set Alias: su
Mar 22 19:43:16 Kernel: Initilizing Kernel...
Mar 22 19:43:16 Kernel: Set Alias: ls
Mar 22 19:43:16 Kernel: Set Alias: cd
Mar 22 19:43:16 Kernel: Set Alias: cat
Mar 22 19:43:16 Kernel: Set Alias: grep
Mar 22 19:43:16 Kernel: Set Alias: log
Mar 22 19:43:16 Kernel: Set Alias: version
Mar 22 19:43:16 Kernel: Set Alias: switchshell
Mar 22 19:43:16 Kernel: Set Alias: su
Mar 22 19:51:02 Kernel: Initilizing Kernel...
Mar 22 19:51:02 Kernel: Set Alias: ls
Mar 22 19:51:02 Kernel: Set Alias: cd
Mar 22 19:51:02 Kernel: Set Alias: cat
Mar 22 19:51:02 Kernel: Set Alias: grep
Mar 22 19:51:02 Kernel: Set Alias: log
Mar 22 19:51:02 Kernel: Set Alias: version
Mar 22 19:51:02 Kernel: Set Alias: switchshell
Mar 22 19:51:02 Kernel: Set Alias: su
Mar 22 19:52:06 Kernel: Initilizing Kernel...
Mar 22 19:52:06 Kernel: Set Alias: ls
Mar 22 19:52:06 Kernel: Set Alias: cd
Mar 22 19:52:06 Kernel: Set Alias: cat
Mar 22 19:52:06 Kernel: Set Alias: grep
Mar 22 19:52:06 Kernel: Set Alias: log
Mar 22 19:52:06 Kernel: Set Alias: version
Mar 22 19:52:06 Kernel: Set Alias: switchshell
Mar 22 19:52:06 Kernel: Set Alias: su
Mar 22 19:52:30 Kernel: Initilizing Kernel...
Mar 22 19:52:30 Kernel: Set Alias: ls
Mar 22 19:52:30 Kernel: Set Alias: cd
Mar 22 19:52:30 Kernel: Set Alias: cat
Mar 22 19:52:30 Kernel: Set Alias: grep
Mar 22 19:52:30 Kernel: Set Alias: log
Mar 22 19:52:30 Kernel: Set Alias: version
Mar 22 19:52:30 Kernel: Set Alias: switchshell
Mar 22 19:52:30 Kernel: Set Alias: su
Mar 22 19:53:38 Kernel: Initilizing Kernel...
Mar 22 19:53:38 Kernel: Set Alias: ls
Mar 22 19:53:38 Kernel: Set Alias: cd
Mar 22 19:53:38 Kernel: Set Alias: cat
Mar 22 19:53:38 Kernel: Set Alias: grep
Mar 22 19:53:38 Kernel: Set Alias: log
Mar 22 19:53:38 Kernel: Set Alias: version
Mar 22 19:53:38 Kernel: Set Alias: switchshell
Mar 22 19:53:38 Kernel: Set Alias: su
Mar 22 19:53:46 Kernel: Initilizing Kernel...
Mar 22 19:53:46 Kernel: Set Alias: ls
Mar 22 19:53:46 Kernel: Set Alias: cd
Mar 22 19:53:46 Kernel: Set Alias: cat
Mar 22 19:53:46 Kernel: Set Alias: grep
Mar 22 19:53:46 Kernel: Set Alias: log
Mar 22 19:53:46 Kernel: Set Alias: version
Mar 22 19:53:46 Kernel: Set Alias: switchshell
Mar 22 19:53:46 Kernel: Set Alias: su
Mar 22 20:01:30 Kernel: Initilizing Kernel...
Mar 22 20:01:30 Kernel: Set Alias: ls
Mar 22 20:01:30 Kernel: Set Alias: cd
Mar 22 20:01:30 Kernel: Set Alias: cat
Mar 22 20:01:30 Kernel: Set Alias: grep
Mar 22 20:01:30 Kernel: Set Alias: log
Mar 22 20:01:30 Kernel: Set Alias: version
Mar 22 20:01:30 Kernel: Set Alias: switchshell
Mar 22 20:01:30 Kernel: Set Alias: su
Mar 22 20:01:30 Kernel: Set Alias: echo
Mar 22 20:04:39 Kernel: Initilizing Kernel...
Mar 22 20:04:39 Kernel: Set Alias: ls
Mar 22 20:04:39 Kernel: Set Alias: cd
Mar 22 20:04:39 Kernel: Set Alias: cat
Mar 22 20:04:39 Kernel: Set Alias: grep
Mar 22 20:04:39 Kernel: Set Alias: log
Mar 22 20:04:39 Kernel: Set Alias: version
Mar 22 20:04:39 Kernel: Set Alias: switchshell
Mar 22 20:04:39 Kernel: Set Alias: su
Mar 22 20:04:39 Kernel: Set Alias: echo
Mar 22 20:16:14 Kernel: Initilizing Kernel...
Mar 22 20:16:14 Kernel: Set Alias: ls
Mar 22 20:16:14 Kernel: Set Alias: cd
Mar 22 20:16:14 Kernel: Set Alias: cat
Mar 22 20:16:14 Kernel: Set Alias: grep
Mar 22 20:16:14 Kernel: Set Alias: log
Mar 22 20:16:14 Kernel: Set Alias: version
Mar 22 20:16:14 Kernel: Set Alias: switchshell
Mar 22 20:16:14 Kernel: Set Alias: su
Mar 22 20:16:14 Kernel: Set Alias: echo
Mar 22 20:17:35 Kernel: Initilizing Kernel...
Mar 22 20:17:35 Kernel: Set Alias: ls
Mar 22 20:17:35 Kernel: Set Alias: cd
Mar 22 20:17:35 Kernel: Set Alias: cat
Mar 22 20:17:35 Kernel: Set Alias: grep
Mar 22 20:17:35 Kernel: Set Alias: log
Mar 22 20:17:35 Kernel: Set Alias: version
Mar 22 20:17:35 Kernel: Set Alias: switchshell
Mar 22 20:17:35 Kernel: Set Alias: su
Mar 22 20:17:35 Kernel: Set Alias: echo
Mar 22 20:17:35 Kernel: Set Alias: ccpt
Mar 22 20:24:28 Kernel: Initilizing Kernel...
Mar 22 20:24:28 Kernel: Set Alias: ls
Mar 22 20:24:28 Kernel: Set Alias: cd
Mar 22 20:24:28 Kernel: Set Alias: cat
Mar 22 20:24:28 Kernel: Set Alias: grep
Mar 22 20:24:28 Kernel: Set Alias: log
Mar 22 20:24:28 Kernel: Set Alias: version
Mar 22 20:24:28 Kernel: Set Alias: switchshell
Mar 22 20:24:28 Kernel: Set Alias: su
Mar 22 20:24:28 Kernel: Set Alias: echo
Mar 22 20:24:28 Kernel: Set Alias: ccpt
Mar 22 20:27:50 Kernel: Initilizing Kernel...
Mar 22 20:27:50 Kernel: Set Alias: ls
Mar 22 20:27:50 Kernel: Set Alias: cd
Mar 22 20:27:50 Kernel: Set Alias: cat
Mar 22 20:27:50 Kernel: Set Alias: grep
Mar 22 20:27:50 Kernel: Set Alias: log
Mar 22 20:27:50 Kernel: Set Alias: version
Mar 22 20:27:50 Kernel: Set Alias: switchshell
Mar 22 20:27:50 Kernel: Set Alias: su
Mar 22 20:27:50 Kernel: Set Alias: echo
Mar 22 20:27:50 Kernel: Set Alias: ccpt
Mar 22 20:27:50 Kernel: Initilizing Kernel...
Mar 22 20:27:50 Kernel: Set Alias: ls
Mar 22 20:27:50 Kernel: Set Alias: cd
Mar 22 20:27:50 Kernel: Set Alias: cat
Mar 22 20:27:50 Kernel: Set Alias: grep
Mar 22 20:27:50 Kernel: Set Alias: log
Mar 22 20:27:50 Kernel: Set Alias: version
Mar 22 20:27:50 Kernel: Set Alias: switchshell
Mar 22 20:27:50 Kernel: Set Alias: su
Mar 22 20:27:50 Kernel: Set Alias: echo
Mar 22 20:27:50 Kernel: Set Alias: ccpt
Mar 22 20:29:50 Kernel: Initilizing Kernel...
Mar 22 20:29:50 Kernel: Set Alias: ls
Mar 22 20:29:50 Kernel: Set Alias: cd
Mar 22 20:29:50 Kernel: Set Alias: cat
Mar 22 20:29:50 Kernel: Set Alias: grep
Mar 22 20:29:50 Kernel: Set Alias: log
Mar 22 20:29:50 Kernel: Set Alias: version
Mar 22 20:29:50 Kernel: Set Alias: switchshell
Mar 22 20:29:50 Kernel: Set Alias: su
Mar 22 20:29:50 Kernel: Set Alias: echo
Mar 22 20:29:50 Kernel: Set Alias: ccpt
Mar 22 20:29:50 Kernel: Initilizing Kernel...
Mar 22 20:29:50 Kernel: Set Alias: ls
Mar 22 20:29:50 Kernel: Set Alias: cd
Mar 22 20:29:50 Kernel: Set Alias: cat
Mar 22 20:29:50 Kernel: Set Alias: grep
Mar 22 20:29:50 Kernel: Set Alias: log
Mar 22 20:29:50 Kernel: Set Alias: version
Mar 22 20:29:50 Kernel: Set Alias: switchshell
Mar 22 20:29:50 Kernel: Set Alias: su
Mar 22 20:29:50 Kernel: Set Alias: echo
Mar 22 20:29:50 Kernel: Set Alias: ccpt
