[2024-03-23 09:18:58] [INFO] STARTUP: SELECTED BIOS.
[2024-03-23 09:19:05] [INFO] BIOS: Loaded.
[2024-03-23 09:19:07] [INFO] Initilizing Kernel...
[2024-03-23 09:19:07] [INFO] Exiting Root...
[2024-03-23 09:19:07] [INFO] Exiting Shell...
[2024-03-23 09:19:07] [INFO] Initilizing Kernel...
[2024-03-23 09:19:11] [INFO] Exiting Shell...
[2024-03-23 09:19:18] [INFO] Run Command: ls
[2024-03-23 09:19:18] [INFO] Run Command: sudotest
[2024-03-23 09:19:18] [INFO] Run Command: sudo sudotest
[2024-03-23 09:19:18] [INFO] Run Command: versiomn
[2024-03-23 09:19:18] [INFO] Run Command: version
[2024-03-23 09:19:18] [INFO] Run Command: echo hello
[2024-03-23 09:19:18] [INFO] Run Command: @echo off
[2024-03-23 09:19:18] [INFO] Run Command: hello
[2024-03-23 09:19:18] [INFO] Run Command: ls
[2024-03-23 09:19:18] [INFO] Run Command: hello
[2024-03-23 09:19:18] [INFO] Run Command: hello
[2024-03-23 09:19:18] [INFO] Run Command: ls
[2024-03-23 09:19:18] [INFO] Exiting Shell...
[2024-03-23 09:31:36] [INFO] Exiting Shell...
[2024-03-23 09:32:06] [WARN] exiting startup
[2024-03-23 09:32:11] [INFO] Run Command: grep
[2024-03-23 09:32:11] [INFO] Exiting Shell...
[2024-03-23 09:33:16] [INFO] STARTUP: SELECTED BOOTLOADER.
[2024-03-23 09:33:19] [INFO] Initilizing Kernel...
[2024-03-23 09:33:19] [INFO] Run Command: sudo switchshell cash
[2024-03-23 09:33:19] [INFO] Run Command: ls
[2024-03-23 09:33:19] [INFO] Run Command: cd ..
[2024-03-23 09:33:19] [INFO] Run Command: lw
[2024-03-23 09:33:19] [INFO] Run Command: ls
[2024-03-23 09:33:19] [INFO] Run Command: cd sys
[2024-03-23 09:33:19] [INFO] Run Command: ls
[2024-03-23 09:33:19] [INFO] Run Command: cd ..
[2024-03-23 09:33:19] [INFO] Run Command: cd bin
[2024-03-23 09:33:19] [INFO] Run Command: ls
[2024-03-23 09:33:19] [INFO] Run Command: version
[2024-03-23 09:33:19] [INFO] Run Command: log
[2024-03-23 09:33:19] [INFO] Run Command: log sys write akki has eaten akki
[2024-03-23 09:33:19] [INFO] Run Command: log sys write "akki has eaten" akki
[2024-03-23 09:33:19] [INFO] Run Command: ls
[2024-03-23 09:33:19] [INFO] Run Command: cd ..
[2024-03-23 09:33:19] [INFO] Run Command: cd home
[2024-03-23 09:33:19] [INFO] Run Command: ls
[2024-03-23 09:33:19] [INFO] Run Command: sudotest
[2024-03-23 09:33:19] [INFO] Run Command: cp
[2024-03-23 09:33:19] [INFO] Run Command: cp /moonlight/sys/kernel/* /moonlight/home
[2024-03-23 09:33:19] [INFO] Run Command: ls
[2024-03-23 09:33:19] [INFO] Exiting Shell...
[2024-03-23 09:33:19] [INFO] Initilizing Kernel...
[2024-03-23 16:16:22] [INFO] Exiting Shell...
[2024-03-23 16:16:40] [INFO] STARTUP: SELECTED BOOTLOADER.
[2024-03-23 16:16:45] [INFO] Initilizing Kernel...
[2024-03-23 16:16:45] [INFO] Run Command: ccpt
[2024-03-23 16:16:45] [INFO] Run Command: ccpt list
[2024-03-23 16:16:45] [INFO] Run Command: ccpt update
[2024-03-23 16:16:45] [INFO] Run Command: ccpt list
[2024-03-23 16:16:45] [INFO] Run Command: ccpt install advancedcmd
[2024-03-23 16:16:45] [INFO] Run Command: ls
[2024-03-23 16:16:45] [INFO] Run Command: ls
[2024-03-23 16:16:45] [INFO] Run Command: ls
[2024-03-23 16:16:45] [INFO] Run Command: ls
[2024-03-23 16:16:45] [INFO] Run Command: ls
[2024-03-23 16:16:45] [INFO] Exiting Shell...
[2024-03-23 16:16:45] [INFO] Initilizing Kernel...
[2024-03-23 16:19:08] [INFO] Run Command: ls
[2024-03-23 16:19:08] [INFO] Run Command: ls
[2024-03-23 16:19:08] [INFO] Run Command: attach 4 computer
[2024-03-23 16:19:08] [INFO] Exiting Shell...
[2024-03-23 17:07:00] [INFO] Initilizing Kernel...
[2024-03-23 17:07:00] [INFO] Exiting Shell...
[2024-03-23 17:07:00] [INFO] Initilizing Kernel...
[2024-03-23 17:07:01] [INFO] Exiting Shell...
