Mar 23 09:18:58 Kernel: Set Alias: ls
Mar 23 09:18:58 Kernel: Set Alias: cd
Mar 23 09:18:58 Kernel: Set Alias: cat
Mar 23 09:18:58 Kernel: Set Alias: grep
Mar 23 09:18:58 Kernel: Set Alias: log
Mar 23 09:18:58 Kernel: Set Alias: version
Mar 23 09:18:58 Kernel: Set Alias: switchshell
Mar 23 09:18:58 Kernel: Set Alias: su
Mar 23 09:18:58 Kernel: Set Alias: echo
Mar 23 09:18:58 Kernel: Set Alias: ccpt
Mar 23 09:18:58 Kernel: Set Alias: sudo
Mar 23 09:18:58 Kernel: Set Alias: moonshell
Mar 23 09:19:07 Kernel: Initilizing Kernel...
Mar 23 09:19:07 Kernel: Initilizing Kernel...
Mar 23 09:32:06 Kernel: Set Alias: ls
Mar 23 09:32:06 Kernel: Set Alias: cd
Mar 23 09:32:06 Kernel: Set Alias: cat
Mar 23 09:32:06 Kernel: Set Alias: grep
Mar 23 09:32:06 Kernel: Set Alias: log
Mar 23 09:32:06 Kernel: Set Alias: version
Mar 23 09:32:06 Kernel: Set Alias: switchshell
Mar 23 09:32:06 Kernel: Set Alias: su
Mar 23 09:32:06 Kernel: Set Alias: echo
Mar 23 09:32:06 Kernel: Set Alias: ccpt
Mar 23 09:32:06 Kernel: Set Alias: sudo
Mar 23 09:32:06 Kernel: Set Alias: moonshell
Mar 23 09:33:16 Kernel: Set Alias: ls
Mar 23 09:33:16 Kernel: Set Alias: cd
Mar 23 09:33:16 Kernel: Set Alias: cat
Mar 23 09:33:16 Kernel: Set Alias: grep
Mar 23 09:33:16 Kernel: Set Alias: log
Mar 23 09:33:16 Kernel: Set Alias: version
Mar 23 09:33:16 Kernel: Set Alias: switchshell
Mar 23 09:33:16 Kernel: Set Alias: su
Mar 23 09:33:16 Kernel: Set Alias: echo
Mar 23 09:33:16 Kernel: Set Alias: ccpt
Mar 23 09:33:16 Kernel: Set Alias: sudo
Mar 23 09:33:16 Kernel: Set Alias: moonshell
Mar 23 09:33:19 Kernel: Initilizing Kernel...
Mar 23 09:35:14 has: akki
Mar 23 09:35:54 akki: akki has eaten
