[2024-03-22 21:20:34] [INFO] STARTUP: SELECTED BOOTLOADER.
[2024-03-22 21:20:40] [INFO] Initilizing Kernel...
[2024-03-22 21:20:40] [INFO] Run Command: ls
[2024-03-22 21:20:40] [INFO] Run Command: ccpt
[2024-03-22 21:20:40] [INFO] Run Command: ccpt help
[2024-03-22 21:20:40] [INFO] Run Command: ccpt list
[2024-03-22 21:20:40] [INFO] Run Command: ccpt install fileutils
[2024-03-22 21:20:40] [INFO] Run Command: ccpt list
[2024-03-22 21:20:40] [INFO] Run Command: cd ..
[2024-03-22 21:20:40] [INFO] Run Command: cd bin
[2024-03-22 21:20:40] [INFO] Run Command: ls
[2024-03-22 21:20:40] [INFO] Run Command: sudo
[2024-03-22 21:20:40] [INFO] Run Command: sudo a
[2024-03-22 21:20:40] [INFO] Run Command: sudo
[2024-03-22 21:20:40] [INFO] Run Command: sudo a
[2024-03-22 21:20:40] [INFO] Run Command: sudo aihttjoijnrb ajhrbhj afgoajg
[2024-03-22 21:20:40] [INFO] Run Command: sudo hjrdihj  jhgrjo rohgj
[2024-03-22 21:20:40] [INFO] Run Command: sudo
[2024-03-22 21:20:40] [INFO] Run Command: sudo
[2024-03-22 21:20:40] [INFO] Run Command: sudo
[2024-03-22 21:20:40] [INFO] Run Command: sudo
[2024-03-22 21:20:40] [INFO] Run Command: sudo
[2024-03-22 21:20:40] [INFO] Run Command: sudo
[2024-03-22 21:20:40] [INFO] Run Command: sudo
[2024-03-22 21:20:40] [INFO] Run Command: sudo
[2024-03-22 21:20:40] [INFO] Run Command: sudo switchshell
[2024-03-22 21:20:40] [INFO] Run Command: switchshelll
[2024-03-22 21:20:40] [INFO] Run Command: switchshell
[2024-03-22 21:20:40] [INFO] Run Command: switchshell cash
[2024-03-22 21:20:40] [INFO] Run Command: switchshell
[2024-03-22 21:20:40] [INFO] Run Command: sudo switchshell 
[2024-03-22 21:20:40] [INFO] Run Command: sudo switchshell
[2024-03-22 21:20:40] [INFO] Run Command: sudo switchshell
[2024-03-22 21:20:40] [INFO] Run Command: switchshell cash
[2024-03-22 21:20:40] [INFO] Run Command: sudo switchshell cash
[2024-03-22 21:45:08] [INFO] Run Command: ls
[2024-03-22 21:45:08] [INFO] Exiting Root...
[2024-03-22 21:45:08] [INFO] Run Command: clear
[2024-03-22 21:45:08] [INFO] Exiting Shell...
[2024-03-22 21:20:40] [INFO] Exiting Shell...
[2024-03-22 21:20:40] [INFO] Initilizing Kernel...
[2024-03-22 21:46:17] [INFO] Exiting Shell...
[2024-03-22 21:47:09] [INFO] STARTUP: SELECTED BOOTLOADER.
[2024-03-22 21:47:12] [INFO] Initilizing Kernel...
[2024-03-22 21:47:12] [INFO] Run Command: switchshell
[2024-03-22 21:47:12] [INFO] Run Command: sudo switchshell cash
[2024-03-22 21:47:12] [INFO] Run Command: sudo switchshell cash
[2024-03-22 21:47:12] [INFO] Exiting Shell...
[2024-03-22 21:47:12] [INFO] Initilizing Kernel...
[2024-03-22 21:47:37] [INFO] Exiting Shell...
[2024-03-22 21:48:41] [INFO] STARTUP: SELECTED BOOTLOADER.
[2024-03-22 21:48:44] [INFO] Initilizing Kernel...
[2024-03-22 21:48:44] [INFO] Run Command: sudo
[2024-03-22 21:48:44] [INFO] Run Command: sudo
[2024-03-22 21:48:44] [INFO] Run Command: ls
[2024-03-22 21:48:44] [INFO] Run Command: grep
[2024-03-22 21:48:44] [INFO] Run Command: grep akki akki_kayo
[2024-03-22 21:48:44] [INFO] Exiting Shell...
[2024-03-22 21:48:44] [INFO] Initilizing Kernel...
[2024-03-22 21:49:13] [INFO] Exiting Shell...
[2024-03-22 21:49:23] [INFO] STARTUP: SELECTED BOOTLOADER.
[2024-03-22 21:49:26] [INFO] Initilizing Kernel...
[2024-03-22 21:49:26] [INFO] Run Command: sudo
[2024-03-22 21:49:26] [INFO] Run Command: switchshell cash
[2024-03-22 21:49:26] [INFO] Run Command: sudo switchshell cash
[2024-03-22 21:54:25] [INFO] Exiting Root...
[2024-03-22 21:54:25] [INFO] Exiting Shell...
[2024-03-22 21:49:26] [INFO] Exiting Shell...
[2024-03-22 21:49:26] [INFO] Initilizing Kernel...
[2024-03-22 21:54:31] [INFO] Exiting Shell...
[2024-03-22 21:55:15] [INFO] STARTUP: SELECTED BOOTLOADER.
[2024-03-22 21:55:18] [INFO] Initilizing Kernel...
[2024-03-22 21:55:18] [INFO] Run Command: ls
[2024-03-22 21:55:18] [INFO] Run Command: sudo switchshell cash
[2024-03-22 21:56:00] [INFO] Exiting Root...
[2024-03-22 21:56:00] [INFO] Exiting Shell...
[2024-03-22 21:55:18] [INFO] Exiting Shell...
[2024-03-22 21:55:18] [INFO] Initilizing Kernel...
[2024-03-22 21:56:04] [INFO] Exiting Shell...
[2024-03-22 21:56:48] [INFO] STARTUP: SELECTED BOOTLOADER.
[2024-03-22 21:56:50] [INFO] Initilizing Kernel...
[2024-03-22 21:56:50] [INFO] Run Command: sudo switchshell cash
[2024-03-22 21:56:50] [INFO] Exiting Shell...
[2024-03-22 21:56:50] [INFO] Initilizing Kernel...
[2024-03-22 21:58:10] [INFO] Exiting Shell...
[2024-03-22 21:58:20] [INFO] STARTUP: SELECTED BOOTLOADER.
[2024-03-22 21:59:30] [INFO] Initilizing Kernel...
[2024-03-22 21:59:30] [INFO] Run Command: sudo switchshell moonshell
[2024-03-22 21:59:53] [INFO] Exiting Root...
[2024-03-22 21:59:53] [INFO] Run Command: sudo switchshell moonshell
[2024-03-22 22:01:16] [INFO] Exiting Root...
[2024-03-22 22:01:16] [INFO] Exiting Shell...
[2024-03-22 21:59:53] [INFO] Exiting Shell...
[2024-03-22 21:59:30] [INFO] Exiting Shell...
[2024-03-22 21:59:30] [INFO] Initilizing Kernel...
[2024-03-22 22:01:23] [INFO] Exiting Shell...
